Flow report for SA
Mon Feb 17 17:16:16 2020
Quartus Prime Version 18.0.0 Build 614 04/24/2018 SJ Lite Edition


---------------------
; Table of Contents ;
---------------------
  1. Legal Notice
  2. Flow Summary
  3. Flow Settings
  4. Flow Non-Default Global Settings
  5. Flow Elapsed Time
  6. Flow OS Summary
  7. Flow Log
  8. Flow Messages
  9. Flow Suppressed Messages



----------------
; Legal Notice ;
----------------
Copyright (C) 2018  Intel Corporation. All rights reserved.
Your use of Intel Corporation's design tools, logic functions 
and other software and tools, and its AMPP partner logic 
functions, and any output files from any of the foregoing 
(including device programming or simulation files), and any 
associated documentation or information are expressly subject 
to the terms and conditions of the Intel Program License 
Subscription Agreement, the Intel Quartus Prime License Agreement,
the Intel FPGA IP License Agreement, or other applicable license
agreement, including, without limitation, that your use is for
the sole purpose of programming logic devices manufactured by
Intel and sold by Intel or its authorized distributors.  Please
refer to the applicable agreement for further details.



+----------------------------------------------------------------------------------+
; Flow Summary                                                                     ;
+------------------------------------+---------------------------------------------+
; Flow Status                        ; Successful - Mon Feb 17 17:16:16 2020       ;
; Quartus Prime Version              ; 18.0.0 Build 614 04/24/2018 SJ Lite Edition ;
; Revision Name                      ; SA                                          ;
; Top-level Entity Name              ; lab4_adders_toplevel                        ;
; Family                             ; Cyclone IV E                                ;
; Device                             ; EP4CE115F29C7                               ;
; Timing Models                      ; Final                                       ;
; Total logic elements               ; 136 / 114,480 ( < 1 % )                     ;
;     Total combinational functions  ; 132 / 114,480 ( < 1 % )                     ;
;     Dedicated logic registers      ; 105 / 114,480 ( < 1 % )                     ;
; Total registers                    ; 105                                         ;
; Total pins                         ; 93 / 529 ( 18 % )                           ;
; Total virtual pins                 ; 0                                           ;
; Total memory bits                  ; 0 / 3,981,312 ( 0 % )                       ;
; Embedded Multiplier 9-bit elements ; 0 / 532 ( 0 % )                             ;
; Total PLLs                         ; 0 / 4 ( 0 % )                               ;
+------------------------------------+---------------------------------------------+


+-----------------------------------------+
; Flow Settings                           ;
+-------------------+---------------------+
; Option            ; Setting             ;
+-------------------+---------------------+
; Start date & time ; 02/17/2020 17:15:40 ;
; Main task         ; Compilation         ;
; Revision Name     ; SA                  ;
+-------------------+---------------------+


+--------------------------------------------------------------------------------------------------------------------------------------------------------------------------+
; Flow Non-Default Global Settings                                                                                                                                         ;
+--------------------------------------+---------------------------------------------------------------------------+---------------+----------------------+----------------+
; Assignment Name                      ; Value                                                                     ; Default Value ; Entity Name          ; Section Id     ;
+--------------------------------------+---------------------------------------------------------------------------+---------------+----------------------+----------------+
; COMPILER_SIGNATURE_ID                ; 174508027654493.158198133916996                                           ; --            ; --                   ; --             ;
; EDA_DESIGN_INSTANCE_NAME             ; NA                                                                        ; --            ; --                   ; testbench      ;
; EDA_NATIVELINK_SIMULATION_TEST_BENCH ; testbench                                                                 ; --            ; --                   ; eda_simulation ;
; EDA_NETLIST_WRITER_OUTPUT_DIR        ; C:\Users\ritvi\OneDrive\UIUC\2020 Spring\ECE 385\Lab 4\Carry_Select_Adder ; --            ; --                   ; eda_simulation ;
; EDA_OUTPUT_DATA_FORMAT               ; Systemverilog Hdl                                                         ; --            ; --                   ; eda_simulation ;
; EDA_SIMULATION_TOOL                  ; ModelSim-Altera (SystemVerilog)                                           ; <None>        ; --                   ; --             ;
; EDA_TEST_BENCH_ENABLE_STATUS         ; TEST_BENCH_MODE                                                           ; --            ; --                   ; eda_simulation ;
; EDA_TEST_BENCH_FILE                  ; testbench.sv                                                              ; --            ; --                   ; testbench      ;
; EDA_TEST_BENCH_MODULE_NAME           ; testbench                                                                 ; --            ; --                   ; testbench      ;
; EDA_TEST_BENCH_NAME                  ; testbench                                                                 ; --            ; --                   ; eda_simulation ;
; EDA_TEST_BENCH_RUN_SIM_FOR           ; 1000 ns                                                                   ; --            ; --                   ; testbench      ;
; EDA_TIME_SCALE                       ; 100 ns                                                                    ; --            ; --                   ; eda_simulation ;
; MAX_CORE_JUNCTION_TEMP               ; 85                                                                        ; --            ; --                   ; --             ;
; MIN_CORE_JUNCTION_TEMP               ; 0                                                                         ; --            ; --                   ; --             ;
; NOMINAL_CORE_SUPPLY_VOLTAGE          ; 1.2V                                                                      ; --            ; --                   ; --             ;
; PARTITION_COLOR                      ; -- (Not supported for targeted family)                                    ; --            ; lab4_adders_toplevel ; Top            ;
; PARTITION_FITTER_PRESERVATION_LEVEL  ; -- (Not supported for targeted family)                                    ; --            ; lab4_adders_toplevel ; Top            ;
; PARTITION_NETLIST_TYPE               ; -- (Not supported for targeted family)                                    ; --            ; lab4_adders_toplevel ; Top            ;
; POWER_BOARD_THERMAL_MODEL            ; None (CONSERVATIVE)                                                       ; --            ; --                   ; --             ;
; POWER_PRESET_COOLING_SOLUTION        ; 23 MM HEAT SINK WITH 200 LFPM AIRFLOW                                     ; --            ; --                   ; --             ;
; PROJECT_OUTPUT_DIRECTORY             ; output_files                                                              ; --            ; --                   ; --             ;
; TOP_LEVEL_ENTITY                     ; lab4_adders_toplevel                                                      ; SA            ; --                   ; --             ;
+--------------------------------------+---------------------------------------------------------------------------+---------------+----------------------+----------------+


+--------------------------------------------------------------------------------------------------------------------------+
; Flow Elapsed Time                                                                                                        ;
+----------------------+--------------+-------------------------+---------------------+------------------------------------+
; Module Name          ; Elapsed Time ; Average Processors Used ; Peak Virtual Memory ; Total CPU Time (on all processors) ;
+----------------------+--------------+-------------------------+---------------------+------------------------------------+
; Analysis & Synthesis ; 00:00:10     ; 1.0                     ; 4794 MB             ; 00:00:20                           ;
; Fitter               ; 00:00:16     ; 1.0                     ; 5834 MB             ; 00:00:23                           ;
; Assembler            ; 00:00:03     ; 1.0                     ; 4684 MB             ; 00:00:03                           ;
; Timing Analyzer      ; 00:00:03     ; 1.0                     ; 4872 MB             ; 00:00:02                           ;
; EDA Netlist Writer   ; 00:00:01     ; 1.0                     ; 4661 MB             ; 00:00:01                           ;
; Total                ; 00:00:33     ; --                      ; --                  ; 00:00:49                           ;
+----------------------+--------------+-------------------------+---------------------+------------------------------------+


+------------------------------------------------------------------------------------+
; Flow OS Summary                                                                    ;
+----------------------+------------------+------------+------------+----------------+
; Module Name          ; Machine Hostname ; OS Name    ; OS Version ; Processor type ;
+----------------------+------------------+------------+------------+----------------+
; Analysis & Synthesis ; Eno              ; Windows 10 ; 10.0       ; x86_64         ;
; Fitter               ; Eno              ; Windows 10 ; 10.0       ; x86_64         ;
; Assembler            ; Eno              ; Windows 10 ; 10.0       ; x86_64         ;
; Timing Analyzer      ; Eno              ; Windows 10 ; 10.0       ; x86_64         ;
; EDA Netlist Writer   ; Eno              ; Windows 10 ; 10.0       ; x86_64         ;
+----------------------+------------------+------------+------------+----------------+


------------
; Flow Log ;
------------
quartus_map --read_settings_files=on --write_settings_files=off SA -c SA
quartus_fit --read_settings_files=off --write_settings_files=off SA -c SA
quartus_asm --read_settings_files=off --write_settings_files=off SA -c SA
quartus_sta SA -c SA
quartus_eda --read_settings_files=off --write_settings_files=off SA -c SA



